<?xml version="1.0" encoding="UTF-8"?>
<!-- Generated by org.testng.reporters.JUnitXMLReporter -->
<testsuite hostname="PD3020-HV6F622" ignored="0" name="Default test" tests="2" failures="0" timestamp="30 Jan 2019 05:51:51 GMT" time="13.943" errors="0">
  <testcase name="verifyNewCustomerScreen" time="10.503" classname="com.assignment.testcases.newCustomerScreen"/>
  <testcase name="verifyCustomerFilters" time="3.188" classname="com.assignment.testcases.newCustomerScreen"/>
</testsuite> <!-- Default test -->
