<?xml version="1.0" encoding="UTF-8"?>
<!-- Generated by org.testng.reporters.JUnitXMLReporter -->
<testsuite hostname="PD3020-HV6F622" ignored="0" name="New User Screen" tests="2" failures="0" timestamp="31 Jan 2019 07:28:47 GMT" time="14.402" errors="0">
  <testcase name="verifyNewCustomerScreen" time="6.893" classname="com.assignment.testcases.newCustomerScreen"/>
  <testcase name="verifyCustomerFilters" time="2.991" classname="com.assignment.testcases.newCustomerScreen"/>
</testsuite> <!-- New User Screen -->
